<?xml version="1.0" encoding="UTF-8"?>
<!-- Generated by org.testng.reporters.JUnitReportReporter -->
<testsuite skipped="0" hostname="LAPTOP-2NIBFOQN" name="com.training.runner.TestRunner" tests="5" failures="0" timestamp="2022-02-13T02:04:04 CST" time="43.134" errors="0">
  <testcase name="runScenario" time="6.799" classname="com.training.runner.TestRunner"/>
  <system-out/>
  <testcase name="runScenario" time="2.388" classname="com.training.runner.TestRunner"/>
  <system-out/>
  <testcase name="runScenario" time="12.168" classname="com.training.runner.TestRunner"/>
  <system-out/>
  <testcase name="runScenario" time="14.834" classname="com.training.runner.TestRunner"/>
  <system-out/>
  <testcase name="runScenario" time="6.945" classname="com.training.runner.TestRunner"/>
  <system-out/>
</testsuite> <!-- com.training.runner.TestRunner -->
